<?xml version="1.0" encoding="UTF-8"?>
<testsuite name="JUnit Jupiter" tests="1" skipped="0" failures="0" errors="1" time="0.279" hostname="DESKTOP-PNAJG1A" timestamp="2017-12-10T03:07:56">
<properties>
<property name="awt.toolkit" value="sun.awt.windows.WToolkit"/>
<property name="file.encoding" value="windows-1251"/>
<property name="file.encoding.pkg" value="sun.io"/>
<property name="file.separator" value="\"/>
<property name="java.awt.graphicsenv" value="sun.awt.Win32GraphicsEnvironment"/>
<property name="java.awt.printerjob" value="sun.awt.windows.WPrinterJob"/>
<property name="java.class.path" value="D:\Лабы(2курс)\СУБД\Lab4_bd\build\classes\test;D:\Лабы(2курс)\СУБД\Lab4_bd\build\resources\test;D:\Лабы(2курс)\СУБД\Lab4_bd\build\classes\main;D:\Лабы(2курс)\СУБД\Lab4_bd\build\resources\main;C:\Users\Student\.gradle\caches\modules-2\files-2.1\org.liquibase\liquibase-core\3.5.3\f346404c3876c5bd0e07a7e10b7565bdcd35dbab\liquibase-core-3.5.3.jar;C:\Users\Student\.gradle\caches\modules-2\files-2.1\junit\junit\4.12\2973d150c0dc1fefe998f834810d68f278ea58ec\junit-4.12.jar;C:\Users\Student\.gradle\caches\modules-2\files-2.1\org.junit.jupiter\junit-jupiter-api\5.0.2\4024737a023e98dc6c9cbbd89fe0dd83975df65\junit-jupiter-api-5.0.2.jar;C:\Users\Student\.gradle\caches\modules-2\files-2.1\org.junit.platform\junit-platform-launcher\1.0.2\7cd136827fbfe3e6301b95f0340d654ad54feaa4\junit-platform-launcher-1.0.2.jar;C:\Users\Student\.gradle\caches\modules-2\files-2.1\org.junit.jupiter\junit-jupiter-engine\5.0.2\e57de973ac81662ec2b9b225df6c882a641fabe6\junit-jupiter-engine-5.0.2.jar;C:\Users\Student\.gradle\caches\modules-2\files-2.1\org.junit.vintage\junit-vintage-engine\4.12.2\3ee780f46c5669ba5cf6a70405c49becec6f2cef\junit-vintage-engine-4.12.2.jar;C:\Users\Student\.gradle\caches\modules-2\files-2.1\org.yaml\snakeyaml\1.17\7a27ea250c5130b2922b86dea63cbb1cc10a660c\snakeyaml-1.17.jar;C:\Users\Student\.gradle\caches\modules-2\files-2.1\org.hamcrest\hamcrest-core\1.3\42a25dc3219429f0e5d060061f71acb49bf010a0\hamcrest-core-1.3.jar;C:\Users\Student\.gradle\caches\modules-2\files-2.1\org.opentest4j\opentest4j\1.0.0\6f09c598e9ff64bf0ce2fa7e7de49a99ba83c0b4\opentest4j-1.0.0.jar;C:\Users\Student\.gradle\caches\modules-2\files-2.1\org.junit.platform\junit-platform-commons\1.0.2\e348a3a67940694f0718d04f9b0784b3dfb7819b\junit-platform-commons-1.0.2.jar;C:\Users\Student\.gradle\caches\modules-2\files-2.1\org.junit.platform\junit-platform-engine\1.0.2\ae5d9b8c44d78da636e4e1e00a907fe0fb7bcb8f\junit-platform-engine-1.0.2.jar;C:\Users\Student\.gradle\caches\modules-2\files-2.1\org.junit.platform\junit-platform-console\1.0.2\2bf2cd18040bfe229bad813c7ab150a0f7ea8153\junit-platform-console-1.0.2.jar"/>
<property name="java.class.version" value="52.0"/>
<property name="java.endorsed.dirs" value="C:\Program Files\Java\jdk1.8.0_101\jre\lib\endorsed"/>
<property name="java.ext.dirs" value="C:\Program Files\Java\jdk1.8.0_101\jre\lib\ext;C:\WINDOWS\Sun\Java\lib\ext"/>
<property name="java.home" value="C:\Program Files\Java\jdk1.8.0_101\jre"/>
<property name="java.io.tmpdir" value="C:\Users\Student\AppData\Local\Temp\"/>
<property name="java.library.path" value="C:\Program Files\Java\jdk1.8.0_101\bin;C:\WINDOWS\Sun\Java\bin;C:\WINDOWS\system32;C:\WINDOWS;D:\app\Student\product\12.2.0\dbhome_3\bin;D:\app\Student\product\12.2.0\dbhome_2\bin;D:\app\Student\product\12.2.0\dbhome_1\bin;C:\ProgramData\Oracle\Java\javapath;C:\WINDOWS\system32;C:\WINDOWS;C:\WINDOWS\System32\Wbem;C:\WINDOWS\System32\WindowsPowerShell\v1.0\;C:\WINDOWS\system32\config\systemprofile\.dnx\bin;C:\Program Files\Microsoft DNX\Dnvm\;C:\Program Files\Microsoft SQL Server\130\Tools\Binn\;C:\Program Files (x86)\Windows Kits\8.1\Windows Performance Toolkit\;C:\Python27\;C:\Program Files (x86)\Skype\Phone\;D:\Gradle\gradle-4.2.1\bin;C:\Program Files\Java\jdk1.8.0_101/bin;C:\Program Files\Git\cmd;C:\Users\Student\AppData\Local\Microsoft\WindowsApps;;."/>
<property name="java.runtime.name" value="Java(TM) SE Runtime Environment"/>
<property name="java.runtime.version" value="1.8.0_101-b13"/>
<property name="java.specification.name" value="Java Platform API Specification"/>
<property name="java.specification.vendor" value="Oracle Corporation"/>
<property name="java.specification.version" value="1.8"/>
<property name="java.vendor" value="Oracle Corporation"/>
<property name="java.vendor.url" value="http://java.oracle.com/"/>
<property name="java.vendor.url.bug" value="http://bugreport.sun.com/bugreport/"/>
<property name="java.version" value="1.8.0_101"/>
<property name="java.vm.info" value="mixed mode"/>
<property name="java.vm.name" value="Java HotSpot(TM) 64-Bit Server VM"/>
<property name="java.vm.specification.name" value="Java Virtual Machine Specification"/>
<property name="java.vm.specification.vendor" value="Oracle Corporation"/>
<property name="java.vm.specification.version" value="1.8"/>
<property name="java.vm.vendor" value="Oracle Corporation"/>
<property name="java.vm.version" value="25.101-b13"/>
<property name="line.separator" value="
"/>
<property name="os.arch" value="amd64"/>
<property name="os.name" value="Windows 10"/>
<property name="os.version" value="10.0"/>
<property name="path.separator" value=";"/>
<property name="sun.arch.data.model" value="64"/>
<property name="sun.boot.class.path" value="C:\Program Files\Java\jdk1.8.0_101\jre\lib\resources.jar;C:\Program Files\Java\jdk1.8.0_101\jre\lib\rt.jar;C:\Program Files\Java\jdk1.8.0_101\jre\lib\sunrsasign.jar;C:\Program Files\Java\jdk1.8.0_101\jre\lib\jsse.jar;C:\Program Files\Java\jdk1.8.0_101\jre\lib\jce.jar;C:\Program Files\Java\jdk1.8.0_101\jre\lib\charsets.jar;C:\Program Files\Java\jdk1.8.0_101\jre\lib\jfr.jar;C:\Program Files\Java\jdk1.8.0_101\jre\classes"/>
<property name="sun.boot.library.path" value="C:\Program Files\Java\jdk1.8.0_101\jre\bin"/>
<property name="sun.cpu.endian" value="little"/>
<property name="sun.cpu.isalist" value="amd64"/>
<property name="sun.desktop" value="windows"/>
<property name="sun.io.unicode.encoding" value="UnicodeLittle"/>
<property name="sun.java.command" value="org.junit.platform.console.ConsoleLauncher --details NONE --scan-class-path D:\Лабы(2курс)\СУБД\Lab4_bd\build\classes\main;D:\Лабы(2курс)\СУБД\Lab4_bd\build\resources\main;D:\Лабы(2курс)\СУБД\Lab4_bd\build\classes\test;D:\Лабы(2курс)\СУБД\Lab4_bd\build\resources\test -n ^.*Tests?$ --reports-dir D:\Лабы(2курс)\СУБД\Lab4_bd\build\test-results\junit-platform"/>
<property name="sun.java.launcher" value="SUN_STANDARD"/>
<property name="sun.jnu.encoding" value="Cp1251"/>
<property name="sun.management.compiler" value="HotSpot 64-Bit Tiered Compilers"/>
<property name="sun.os.patch.level" value=""/>
<property name="user.country" value="RU"/>
<property name="user.dir" value="D:\Лабы(2курс)\СУБД\Lab4_bd"/>
<property name="user.home" value="C:\Users\Student"/>
<property name="user.language" value="ru"/>
<property name="user.name" value="Student"/>
<property name="user.script" value=""/>
<property name="user.timezone" value="Europe/Helsinki"/>
<property name="user.variant" value=""/>
</properties>
<testcase name="Test1()" classname="CapitalTests" time="0">
<error type="java.lang.NullPointerException"><![CDATA[java.lang.NullPointerException
	at Capital.getCapitalData(Capital.java:32)
	at CapitalTests.befote(CapitalTests.java:16)
	at sun.reflect.NativeMethodAccessorImpl.invoke0(Native Method)
	at sun.reflect.NativeMethodAccessorImpl.invoke(NativeMethodAccessorImpl.java:62)
	at sun.reflect.DelegatingMethodAccessorImpl.invoke(DelegatingMethodAccessorImpl.java:43)
	at java.lang.reflect.Method.invoke(Method.java:498)
	at org.junit.platform.commons.util.ReflectionUtils.invokeMethod(ReflectionUtils.java:389)
	at org.junit.jupiter.engine.execution.ExecutableInvoker.invoke(ExecutableInvoker.java:115)
	at org.junit.jupiter.engine.descriptor.ClassTestDescriptor.lambda$invokeBeforeAllMethods$6(ClassTestDescriptor.java:230)
	at org.junit.jupiter.engine.execution.ThrowableCollector.execute(ThrowableCollector.java:40)
	at org.junit.jupiter.engine.descriptor.ClassTestDescriptor.invokeBeforeAllMethods(ClassTestDescriptor.java:229)
	at org.junit.jupiter.engine.descriptor.ClassTestDescriptor.before(ClassTestDescriptor.java:160)
	at org.junit.jupiter.engine.descriptor.ClassTestDescriptor.before(ClassTestDescriptor.java:62)
	at org.junit.platform.engine.support.hierarchical.HierarchicalTestExecutor.lambda$execute$3(HierarchicalTestExecutor.java:80)
	at org.junit.platform.engine.support.hierarchical.SingleTestExecutor.executeSafely(SingleTestExecutor.java:66)
	at org.junit.platform.engine.support.hierarchical.HierarchicalTestExecutor.execute(HierarchicalTestExecutor.java:77)
	at org.junit.platform.engine.support.hierarchical.HierarchicalTestExecutor.lambda$null$2(HierarchicalTestExecutor.java:92)
	at java.util.stream.ForEachOps$ForEachOp$OfRef.accept(ForEachOps.java:184)
	at java.util.stream.ReferencePipeline$2$1.accept(ReferencePipeline.java:175)
	at java.util.Iterator.forEachRemaining(Iterator.java:116)
	at java.util.Spliterators$IteratorSpliterator.forEachRemaining(Spliterators.java:1801)
	at java.util.stream.AbstractPipeline.copyInto(AbstractPipeline.java:481)
	at java.util.stream.AbstractPipeline.wrapAndCopyInto(AbstractPipeline.java:471)
	at java.util.stream.ForEachOps$ForEachOp.evaluateSequential(ForEachOps.java:151)
	at java.util.stream.ForEachOps$ForEachOp$OfRef.evaluateSequential(ForEachOps.java:174)
	at java.util.stream.AbstractPipeline.evaluate(AbstractPipeline.java:234)
	at java.util.stream.ReferencePipeline.forEach(ReferencePipeline.java:418)
	at org.junit.platform.engine.support.hierarchical.HierarchicalTestExecutor.lambda$execute$3(HierarchicalTestExecutor.java:92)
	at org.junit.platform.engine.support.hierarchical.SingleTestExecutor.executeSafely(SingleTestExecutor.java:66)
	at org.junit.platform.engine.support.hierarchical.HierarchicalTestExecutor.execute(HierarchicalTestExecutor.java:77)
	at org.junit.platform.engine.support.hierarchical.HierarchicalTestExecutor.execute(HierarchicalTestExecutor.java:51)
	at org.junit.platform.engine.support.hierarchical.HierarchicalTestEngine.execute(HierarchicalTestEngine.java:43)
	at org.junit.platform.launcher.core.DefaultLauncher.execute(DefaultLauncher.java:170)
	at org.junit.platform.launcher.core.DefaultLauncher.execute(DefaultLauncher.java:154)
	at org.junit.platform.launcher.core.DefaultLauncher.execute(DefaultLauncher.java:90)
	at org.junit.platform.console.tasks.ConsoleTestExecutor.executeTests(ConsoleTestExecutor.java:65)
	at org.junit.platform.console.tasks.ConsoleTestExecutor.lambda$execute$0(ConsoleTestExecutor.java:57)
	at org.junit.platform.console.tasks.CustomContextClassLoaderExecutor.invoke(CustomContextClassLoaderExecutor.java:33)
	at org.junit.platform.console.tasks.ConsoleTestExecutor.execute(ConsoleTestExecutor.java:57)
	at org.junit.platform.console.ConsoleLauncher.executeTests(ConsoleLauncher.java:84)
	at org.junit.platform.console.ConsoleLauncher.execute(ConsoleLauncher.java:74)
	at org.junit.platform.console.ConsoleLauncher.execute(ConsoleLauncher.java:47)
	at org.junit.platform.console.ConsoleLauncher.main(ConsoleLauncher.java:39)
]]></error>
<system-out><![CDATA[
unique-id: [engine:junit-jupiter]/[class:CapitalTests]/[method:Test1()]
display-name: Test1()
]]></system-out>
</testcase>
<system-out><![CDATA[
unique-id: [engine:junit-jupiter]
display-name: JUnit Jupiter
]]></system-out>
</testsuite>
